2018-08-10 15:37:18,144 - werkzeug - INFO -  * Running on http://127.0.0.1:3000/ (Press CTRL+C to quit)
2018-08-10 15:37:18,145 - werkzeug - INFO -  * Restarting with stat
2018-08-10 15:37:18,814 - werkzeug - WARNING -  * Debugger is active!
2018-08-10 15:37:18,848 - werkzeug - INFO -  * Debugger PIN: 182-880-867
2018-08-10 15:37:53,830 - werkzeug - INFO -  * Running on http://127.0.0.1:3000/ (Press CTRL+C to quit)
2018-08-10 15:37:53,831 - werkzeug - INFO -  * Restarting with stat
2018-08-10 15:37:55,847 - werkzeug - WARNING -  * Debugger is active!
2018-08-10 15:37:55,848 - werkzeug - INFO -  * Debugger PIN: 182-880-867
2018-08-10 15:53:01,482 - werkzeug - INFO -  * Running on http://127.0.0.1:3000/ (Press CTRL+C to quit)
2018-08-10 15:53:01,483 - werkzeug - INFO -  * Restarting with stat
2018-08-10 15:53:02,097 - werkzeug - WARNING -  * Debugger is active!
2018-08-10 15:53:02,098 - werkzeug - INFO -  * Debugger PIN: 279-639-843
2018-08-10 15:55:04,289 - flask.app - INFO - Request Headers: Host: 127.0.0.1:3000
Connection: keep-alive
User-Agent: PostmanRuntime/7.2.0
Cache-Control: no-cache
Postman-Token: 1fec93be-b631-4291-9002-be0330fa9a7a
Accept: */*
Accept-Encoding: gzip, deflate


2018-08-10 15:55:04,289 - flask.app - INFO - Request Type : <Request 'http://127.0.0.1:3000/' [GET]>
2018-08-10 15:55:04,290 - flask.app - INFO - Request Body: b''
2018-08-10 15:55:04,291 - connexion.apis.flask_api - DEBUG - Getting data and status code
2018-08-10 15:55:04,291 - connexion.decorators.parameter - DEBUG - Function Arguments: []
2018-08-10 15:55:04,291 - connexion.decorators.parameter - DEBUG - Body parameter 'None' not in function arguments
2018-08-10 15:55:04,291 - connexion.apis.flask_api - DEBUG - Getting data and status code
2018-08-10 15:55:04,291 - connexion.apis.flask_api - DEBUG - Got data and status code (200)
2018-08-10 15:55:04,292 - connexion.apis.flask_api - DEBUG - Getting data and status code
2018-08-10 15:55:04,292 - connexion.apis.flask_api - DEBUG - Got data and status code (200)
2018-08-10 15:55:04,292 - flask.app - INFO - Response Headers: Content-Type: application/json
Content-Length: 49


2018-08-10 15:55:04,292 - flask.app - INFO - Response Body: b'"Welcome to Raw Data Adapter APIs Version 1.0.1"\n'
2018-08-10 15:55:04,292 - werkzeug - INFO - 127.0.0.1 - - [10/Aug/2018 15:55:04] "GET / HTTP/1.1" 200 -
2018-08-10 16:06:19,893 - werkzeug - INFO -  * Running on http://127.0.0.1:3000/ (Press CTRL+C to quit)
2018-08-10 16:06:19,894 - werkzeug - INFO -  * Restarting with stat
2018-08-10 16:06:20,470 - werkzeug - WARNING -  * Debugger is active!
2018-08-10 16:06:20,471 - werkzeug - INFO -  * Debugger PIN: 279-639-843
2018-08-10 16:06:25,463 - flask.app - INFO - Request Headers: Cache-Control: no-cache
Accept-Encoding: gzip, deflate
Accept: */*
User-Agent: PostmanRuntime/7.2.0
Postman-Token: 200c112d-877c-4bc2-bd3e-a49aa98b9ddc
Host: 127.0.0.1:3000
Connection: keep-alive


2018-08-10 16:06:25,463 - flask.app - INFO - Request Type : <Request 'http://127.0.0.1:3000/' [GET]>
2018-08-10 16:06:25,464 - flask.app - INFO - Request Body: b''
2018-08-10 16:06:25,465 - connexion.apis.flask_api - DEBUG - Getting data and status code
2018-08-10 16:06:25,465 - connexion.decorators.parameter - DEBUG - Function Arguments: []
2018-08-10 16:06:25,465 - connexion.decorators.parameter - DEBUG - Body parameter 'None' not in function arguments
2018-08-10 16:06:25,466 - connexion.apis.flask_api - DEBUG - Getting data and status code
2018-08-10 16:06:25,466 - connexion.apis.flask_api - DEBUG - Got data and status code (200)
2018-08-10 16:06:25,466 - connexion.apis.flask_api - DEBUG - Getting data and status code
2018-08-10 16:06:25,466 - connexion.apis.flask_api - DEBUG - Got data and status code (200)
2018-08-10 16:06:25,466 - flask.app - INFO - Response Headers: Content-Type: application/json
Content-Length: 49


2018-08-10 16:06:25,466 - flask.app - INFO - Response Body: b'"Welcome to Raw Data Adapter APIs Version 1.0.1"\n'
2018-08-10 16:06:25,466 - werkzeug - INFO - 127.0.0.1 - - [10/Aug/2018 16:06:25] "GET / HTTP/1.1" 200 -
2018-08-10 16:06:50,575 - flask.app - INFO - Request Headers: Cache-Control: no-cache
Accept-Encoding: gzip, deflate
Accept: */*
User-Agent: PostmanRuntime/7.2.0
Postman-Token: aa581fcf-c272-48b5-ac36-c0f0c3857d98
Host: 127.0.0.1:3000
Connection: keep-alive


2018-08-10 16:06:50,576 - flask.app - INFO - Request Type : <Request 'http://127.0.0.1:3000/attributes/' [GET]>
2018-08-10 16:06:50,576 - flask.app - INFO - Request Body: b''
2018-08-10 16:06:50,576 - connexion.apis.flask_api - DEBUG - Getting data and status code
2018-08-10 16:06:50,576 - connexion.decorators.parameter - DEBUG - Function Arguments: []
2018-08-10 16:06:50,576 - connexion.decorators.parameter - DEBUG - Body parameter 'None' not in function arguments
2018-08-10 16:06:50,577 - connexion.apis.flask_api - DEBUG - Getting data and status code
2018-08-10 16:06:50,577 - connexion.apis.flask_api - DEBUG - Got data and status code (200)
2018-08-10 16:06:50,577 - connexion.apis.flask_api - DEBUG - Getting data and status code
2018-08-10 16:06:50,577 - connexion.apis.flask_api - DEBUG - Got data and status code (200)
2018-08-10 16:06:50,577 - flask.app - INFO - Response Headers: Content-Type: application/json
Content-Length: 17


2018-08-10 16:06:50,577 - flask.app - INFO - Response Body: b'"do some magic!"\n'
2018-08-10 16:06:50,577 - werkzeug - INFO - 127.0.0.1 - - [10/Aug/2018 16:06:50] "GET /attributes/ HTTP/1.1" 200 -
2018-08-10 16:07:00,498 - flask.app - INFO - Request Headers: Cache-Control: no-cache
Accept-Encoding: gzip, deflate
Accept: */*
User-Agent: PostmanRuntime/7.2.0
Content-Length: 0
Postman-Token: a8d374aa-3f78-4298-9ae0-dbf3db426084
Host: 127.0.0.1:3000
Connection: keep-alive


2018-08-10 16:07:00,499 - flask.app - INFO - Request Type : <Request 'http://127.0.0.1:3000/attributes/' [POST]>
2018-08-10 16:07:00,499 - flask.app - INFO - Request Body: b''
2018-08-10 16:07:00,499 - connexion.apis.flask_api - DEBUG - Getting data and status code
2018-08-10 16:07:00,499 - connexion.decorators.validation - DEBUG - http://127.0.0.1:3000/attributes/ validating schema...
2018-08-10 16:07:00,500 - connexion.decorators.validation - ERROR - http://127.0.0.1:3000/attributes/ validation error: None is not of type 'object'
2018-08-10 16:07:00,500 - connexion.apis.flask_api - DEBUG - Getting data and status code
2018-08-10 16:07:00,500 - connexion.apis.flask_api - DEBUG - Got data and status code (400)
2018-08-10 16:07:00,500 - flask.app - INFO - Response Headers: Content-Type: application/problem+json
Content-Length: 115


2018-08-10 16:07:00,500 - flask.app - INFO - Response Body: b'{\n  "detail": "None is not of type \'object\'",\n  "status": 400,\n  "title": "Bad Request",\n  "type": "about:blank"\n}\n'
2018-08-10 16:07:00,500 - werkzeug - INFO - 127.0.0.1 - - [10/Aug/2018 16:07:00] "POST /attributes/ HTTP/1.1" 400 -
2018-08-10 16:07:05,815 - flask.app - INFO - Request Headers: Cache-Control: no-cache
Accept-Encoding: gzip, deflate
Accept: */*
User-Agent: PostmanRuntime/7.2.0
Content-Length: 0
Postman-Token: 736ab16c-4019-4c8c-b3d6-b0d77c164484
Host: 127.0.0.1:3000
Connection: keep-alive


2018-08-10 16:07:05,815 - flask.app - INFO - Request Type : <Request 'http://127.0.0.1:3000/attributes/' [POST]>
2018-08-10 16:07:05,816 - flask.app - INFO - Request Body: b''
2018-08-10 16:07:05,816 - connexion.apis.flask_api - DEBUG - Getting data and status code
2018-08-10 16:07:05,816 - connexion.decorators.validation - DEBUG - http://127.0.0.1:3000/attributes/ validating schema...
2018-08-10 16:07:05,816 - connexion.decorators.validation - ERROR - http://127.0.0.1:3000/attributes/ validation error: None is not of type 'object'
2018-08-10 16:07:05,816 - connexion.apis.flask_api - DEBUG - Getting data and status code
2018-08-10 16:07:05,816 - connexion.apis.flask_api - DEBUG - Got data and status code (400)
2018-08-10 16:07:05,816 - flask.app - INFO - Response Headers: Content-Type: application/problem+json
Content-Length: 115


2018-08-10 16:07:05,817 - flask.app - INFO - Response Body: b'{\n  "detail": "None is not of type \'object\'",\n  "status": 400,\n  "title": "Bad Request",\n  "type": "about:blank"\n}\n'
2018-08-10 16:07:05,817 - werkzeug - INFO - 127.0.0.1 - - [10/Aug/2018 16:07:05] "POST /attributes/ HTTP/1.1" 400 -
2018-08-10 16:09:26,390 - flask.app - INFO - Request Headers: Content-Type: text/plain
Cache-Control: no-cache
Accept-Encoding: gzip, deflate
Content-Length: 112
Postman-Token: 2e9df684-a836-4756-8add-dccd23f43fcf
Host: 127.0.0.1:3000
User-Agent: PostmanRuntime/7.2.0
Connection: keep-alive
Accept: */*


2018-08-10 16:09:26,390 - flask.app - INFO - Request Type : <Request 'http://127.0.0.1:3000/attributes/' [POST]>
2018-08-10 16:09:26,391 - flask.app - INFO - Request Body: b'[{"name":"age",\n"type":"SingleValue",\n"dataType":"str",\n"description":"hi halo",\n"path":"/",\n"tags":["h","i"]\n}]'
2018-08-10 16:09:26,391 - connexion.apis.flask_api - DEBUG - Getting data and status code
2018-08-10 16:09:26,391 - connexion.apis.flask_api - DEBUG - Getting data and status code
2018-08-10 16:09:26,391 - connexion.apis.flask_api - DEBUG - Got data and status code (415)
2018-08-10 16:09:26,391 - flask.app - INFO - Response Headers: Content-Type: application/problem+json
Content-Length: 151


2018-08-10 16:09:26,391 - flask.app - INFO - Response Body: b'{\n  "detail": "Invalid Content-type (text/plain), expected JSON data",\n  "status": 415,\n  "title": "Unsupported Media Type",\n  "type": "about:blank"\n}\n'
2018-08-10 16:09:26,391 - werkzeug - INFO - 127.0.0.1 - - [10/Aug/2018 16:09:26] "POST /attributes/ HTTP/1.1" 415 -
2018-08-10 16:10:07,892 - flask.app - INFO - Request Headers: Content-Type: text/plain
Cache-Control: no-cache
Accept-Encoding: gzip, deflate
Content-Length: 112
Postman-Token: 5c55727e-8dc7-40ac-8f10-54ed836c0be3
Host: 127.0.0.1:3000
User-Agent: PostmanRuntime/7.2.0
Connection: keep-alive
Accept: */*


2018-08-10 16:10:07,892 - flask.app - INFO - Request Type : <Request 'http://127.0.0.1:3000/attributes/' [POST]>
2018-08-10 16:10:07,893 - flask.app - INFO - Request Body: b'[{"name":"age",\n"type":"SingleValue",\n"datatype":"str",\n"description":"hi halo",\n"path":"/",\n"tags":["h","i"]\n}]'
2018-08-10 16:10:07,893 - connexion.apis.flask_api - DEBUG - Getting data and status code
2018-08-10 16:10:07,893 - connexion.apis.flask_api - DEBUG - Getting data and status code
2018-08-10 16:10:07,894 - connexion.apis.flask_api - DEBUG - Got data and status code (415)
2018-08-10 16:10:07,894 - flask.app - INFO - Response Headers: Content-Type: application/problem+json
Content-Length: 151


2018-08-10 16:10:07,894 - flask.app - INFO - Response Body: b'{\n  "detail": "Invalid Content-type (text/plain), expected JSON data",\n  "status": 415,\n  "title": "Unsupported Media Type",\n  "type": "about:blank"\n}\n'
2018-08-10 16:10:07,894 - werkzeug - INFO - 127.0.0.1 - - [10/Aug/2018 16:10:07] "POST /attributes/ HTTP/1.1" 415 -
2018-08-10 16:10:58,709 - flask.app - INFO - Request Headers: Cache-Control: no-cache
Accept-Encoding: gzip, deflate
Accept: */*
User-Agent: PostmanRuntime/7.2.0
Postman-Token: 17177203-fa6d-48c1-8994-3ece7a6174d9
Host: 127.0.0.1:3000
Connection: keep-alive


2018-08-10 16:10:58,709 - flask.app - INFO - Request Type : <Request 'http://127.0.0.1:3000/' [GET]>
2018-08-10 16:10:58,709 - flask.app - INFO - Request Body: b''
2018-08-10 16:10:58,709 - connexion.apis.flask_api - DEBUG - Getting data and status code
2018-08-10 16:10:58,709 - connexion.decorators.parameter - DEBUG - Function Arguments: []
2018-08-10 16:10:58,709 - connexion.decorators.parameter - DEBUG - Body parameter 'None' not in function arguments
2018-08-10 16:10:58,710 - connexion.apis.flask_api - DEBUG - Getting data and status code
2018-08-10 16:10:58,710 - connexion.apis.flask_api - DEBUG - Got data and status code (200)
2018-08-10 16:10:58,710 - connexion.apis.flask_api - DEBUG - Getting data and status code
2018-08-10 16:10:58,710 - connexion.apis.flask_api - DEBUG - Got data and status code (200)
2018-08-10 16:10:58,710 - flask.app - INFO - Response Headers: Content-Type: application/json
Content-Length: 49


2018-08-10 16:10:58,710 - flask.app - INFO - Response Body: b'"Welcome to Raw Data Adapter APIs Version 1.0.1"\n'
2018-08-10 16:10:58,710 - werkzeug - INFO - 127.0.0.1 - - [10/Aug/2018 16:10:58] "GET / HTTP/1.1" 200 -
2018-08-10 16:12:29,295 - flask.app - INFO - Request Headers: Content-Type: text/plain
Cache-Control: no-cache
Accept-Encoding: gzip, deflate
Content-Length: 64
Postman-Token: d7ae928e-5ed6-49f4-a221-41be71b59085
Host: 127.0.0.1:3000
User-Agent: PostmanRuntime/7.2.0
Connection: keep-alive
Accept: */*


2018-08-10 16:12:29,296 - flask.app - INFO - Request Type : <Request 'http://127.0.0.1:3000/' [POST]>
2018-08-10 16:12:29,296 - flask.app - INFO - Request Body: b'[{"name":"title",\n"description":"hihalo",\n"tags":["hi","halo"]}]'
2018-08-10 16:12:29,296 - connexion.apis.flask_api - DEBUG - Getting data and status code
2018-08-10 16:12:29,296 - connexion.apis.flask_api - DEBUG - Got data and status code (405)
2018-08-10 16:12:29,296 - flask.app - INFO - Response Headers: Content-Type: application/problem+json
Content-Length: 142


2018-08-10 16:12:29,296 - flask.app - INFO - Response Body: b'{\n  "detail": "The method is not allowed for the requested URL.",\n  "status": 405,\n  "title": "Method Not Allowed",\n  "type": "about:blank"\n}\n'
2018-08-10 16:12:29,297 - werkzeug - INFO - 127.0.0.1 - - [10/Aug/2018 16:12:29] "POST / HTTP/1.1" 405 -
2018-08-10 16:12:38,403 - flask.app - INFO - Request Headers: Content-Type: text/plain
Cache-Control: no-cache
Accept-Encoding: gzip, deflate
Content-Length: 64
Postman-Token: a6eb0d8a-2456-40aa-8e63-7ae9fde7ae24
Host: 127.0.0.1:3000
User-Agent: PostmanRuntime/7.2.0
Connection: keep-alive
Accept: */*


2018-08-10 16:12:38,403 - flask.app - INFO - Request Type : <Request 'http://127.0.0.1:3000/' [POST]>
2018-08-10 16:12:38,403 - flask.app - INFO - Request Body: b'[{"name":"title",\n"description":"hihalo",\n"tags":["hi","halo"]}]'
2018-08-10 16:12:38,404 - connexion.apis.flask_api - DEBUG - Getting data and status code
2018-08-10 16:12:38,404 - connexion.apis.flask_api - DEBUG - Got data and status code (405)
2018-08-10 16:12:38,404 - flask.app - INFO - Response Headers: Content-Type: application/problem+json
Content-Length: 142


2018-08-10 16:12:38,404 - flask.app - INFO - Response Body: b'{\n  "detail": "The method is not allowed for the requested URL.",\n  "status": 405,\n  "title": "Method Not Allowed",\n  "type": "about:blank"\n}\n'
2018-08-10 16:12:38,404 - werkzeug - INFO - 127.0.0.1 - - [10/Aug/2018 16:12:38] "POST / HTTP/1.1" 405 -
2018-08-10 16:13:02,214 - flask.app - INFO - Request Headers: Content-Type: text/plain
Cache-Control: no-cache
Accept-Encoding: gzip, deflate
Content-Length: 64
Postman-Token: c9815d35-472b-4e9d-882a-7ebf7f5e22c3
Host: 127.0.0.1:3000
User-Agent: PostmanRuntime/7.2.0
Connection: keep-alive
Accept: */*


2018-08-10 16:13:02,214 - flask.app - INFO - Request Type : <Request 'http://127.0.0.1:3000/modifyAttribute/' [POST]>
2018-08-10 16:13:02,215 - flask.app - INFO - Request Body: b'[{"name":"title",\n"description":"hihalo",\n"tags":["hi","halo"]}]'
2018-08-10 16:13:02,215 - connexion.apis.flask_api - DEBUG - Getting data and status code
2018-08-10 16:13:02,215 - connexion.apis.flask_api - DEBUG - Getting data and status code
2018-08-10 16:13:02,215 - connexion.apis.flask_api - DEBUG - Got data and status code (415)
2018-08-10 16:13:02,215 - flask.app - INFO - Response Headers: Content-Type: application/problem+json
Content-Length: 151


2018-08-10 16:13:02,215 - flask.app - INFO - Response Body: b'{\n  "detail": "Invalid Content-type (text/plain), expected JSON data",\n  "status": 415,\n  "title": "Unsupported Media Type",\n  "type": "about:blank"\n}\n'
2018-08-10 16:13:02,216 - werkzeug - INFO - 127.0.0.1 - - [10/Aug/2018 16:13:02] "POST /modifyAttribute/ HTTP/1.1" 415 -
2018-08-10 16:13:27,791 - flask.app - INFO - Request Headers: Content-Type: text/plain
Cache-Control: no-cache
Accept-Encoding: gzip, deflate
Content-Length: 64
Postman-Token: 40307e7e-0252-48ff-a6d5-87251c7d061c
Host: 127.0.0.1:3000
User-Agent: PostmanRuntime/7.2.0
Connection: keep-alive
Accept: */*


2018-08-10 16:13:27,792 - flask.app - INFO - Request Type : <Request 'http://127.0.0.1:3000/modifyAttribute/' [POST]>
2018-08-10 16:13:27,792 - flask.app - INFO - Request Body: b'[{"name":"title",\n"description":"hihalo",\n"tags":["hi","halo"]}]'
2018-08-10 16:13:27,792 - connexion.apis.flask_api - DEBUG - Getting data and status code
2018-08-10 16:13:27,792 - connexion.apis.flask_api - DEBUG - Getting data and status code
2018-08-10 16:13:27,792 - connexion.apis.flask_api - DEBUG - Got data and status code (415)
2018-08-10 16:13:27,792 - flask.app - INFO - Response Headers: Content-Type: application/problem+json
Content-Length: 151


2018-08-10 16:13:27,793 - flask.app - INFO - Response Body: b'{\n  "detail": "Invalid Content-type (text/plain), expected JSON data",\n  "status": 415,\n  "title": "Unsupported Media Type",\n  "type": "about:blank"\n}\n'
2018-08-10 16:13:27,793 - werkzeug - INFO - 127.0.0.1 - - [10/Aug/2018 16:13:27] "POST /modifyAttribute/ HTTP/1.1" 415 -
2018-08-10 16:14:33,059 - flask.app - INFO - Request Headers: Content-Type: application/json
Cache-Control: no-cache
Accept-Encoding: gzip, deflate
Content-Length: 64
Postman-Token: 03c59e3c-1012-41b6-8975-7d81ef987a38
Host: 127.0.0.1:3000
User-Agent: PostmanRuntime/7.2.0
Connection: keep-alive
Accept: */*


2018-08-10 16:14:33,060 - flask.app - INFO - Request Type : <Request 'http://127.0.0.1:3000/modifyAttribute/' [POST]>
2018-08-10 16:14:33,060 - flask.app - INFO - Request Body: b'[{"name":"title",\n"description":"hihalo",\n"tags":["hi","halo"]}]'
2018-08-10 16:14:33,061 - connexion.apis.flask_api - DEBUG - Getting data and status code
2018-08-10 16:14:33,061 - connexion.decorators.validation - DEBUG - http://127.0.0.1:3000/modifyAttribute/ validating schema...
2018-08-10 16:14:33,061 - connexion.decorators.validation - ERROR - http://127.0.0.1:3000/modifyAttribute/ validation error: [{'description': 'hihalo', 'tags': ['hi', 'halo'], 'name': 'title'}] is not of type 'object'
2018-08-10 16:14:33,061 - connexion.apis.flask_api - DEBUG - Getting data and status code
2018-08-10 16:14:33,061 - connexion.apis.flask_api - DEBUG - Got data and status code (400)
2018-08-10 16:14:33,061 - flask.app - INFO - Response Headers: Content-Type: application/problem+json
Content-Length: 179


2018-08-10 16:14:33,061 - flask.app - INFO - Response Body: b'{\n  "detail": "[{\'description\': \'hihalo\', \'tags\': [\'hi\', \'halo\'], \'name\': \'title\'}] is not of type \'object\'",\n  "status": 400,\n  "title": "Bad Request",\n  "type": "about:blank"\n}\n'
2018-08-10 16:14:33,062 - werkzeug - INFO - 127.0.0.1 - - [10/Aug/2018 16:14:33] "POST /modifyAttribute/ HTTP/1.1" 400 -
2018-08-10 16:15:46,247 - flask.app - INFO - Request Headers: Content-Type: application/json
Cache-Control: no-cache
Accept-Encoding: gzip, deflate
Content-Length: 76
Postman-Token: 1163c9d7-1b7c-4076-9d26-0941ebc9a980
Host: 127.0.0.1:3000
User-Agent: PostmanRuntime/7.2.0
Connection: keep-alive
Accept: */*


2018-08-10 16:15:46,247 - flask.app - INFO - Request Type : <Request 'http://127.0.0.1:3000/modifyAttribute/' [POST]>
2018-08-10 16:15:46,248 - flask.app - INFO - Request Body: b'[\n\t{\n\t\t\n"name":"title",\n"description":"hihalo",\n"tags":["hi","halo"]\n\t\t\n\t}\n]'
2018-08-10 16:15:46,248 - connexion.apis.flask_api - DEBUG - Getting data and status code
2018-08-10 16:15:46,248 - connexion.decorators.validation - DEBUG - http://127.0.0.1:3000/modifyAttribute/ validating schema...
2018-08-10 16:15:46,249 - connexion.decorators.validation - ERROR - http://127.0.0.1:3000/modifyAttribute/ validation error: [{'description': 'hihalo', 'tags': ['hi', 'halo'], 'name': 'title'}] is not of type 'object'
2018-08-10 16:15:46,249 - connexion.apis.flask_api - DEBUG - Getting data and status code
2018-08-10 16:15:46,249 - connexion.apis.flask_api - DEBUG - Got data and status code (400)
2018-08-10 16:15:46,249 - flask.app - INFO - Response Headers: Content-Type: application/problem+json
Content-Length: 179


2018-08-10 16:15:46,249 - flask.app - INFO - Response Body: b'{\n  "detail": "[{\'description\': \'hihalo\', \'tags\': [\'hi\', \'halo\'], \'name\': \'title\'}] is not of type \'object\'",\n  "status": 400,\n  "title": "Bad Request",\n  "type": "about:blank"\n}\n'
2018-08-10 16:15:46,249 - werkzeug - INFO - 127.0.0.1 - - [10/Aug/2018 16:15:46] "POST /modifyAttribute/ HTTP/1.1" 400 -
2018-08-10 16:16:04,801 - flask.app - INFO - Request Headers: Content-Type: application/json
Cache-Control: no-cache
Accept-Encoding: gzip, deflate
Content-Length: 71
Postman-Token: aeed0100-4ca2-4524-8f4a-f1759d9f3a00
Host: 127.0.0.1:3000
User-Agent: PostmanRuntime/7.2.0
Connection: keep-alive
Accept: */*


2018-08-10 16:16:04,801 - flask.app - INFO - Request Type : <Request 'http://127.0.0.1:3000/modifyAttribute/' [POST]>
2018-08-10 16:16:04,801 - flask.app - INFO - Request Body: b'{\n\t\t\n"name":"title",\n"description":"hihalo",\n"tags":["hi","halo"]\n\t\t\n\t}'
2018-08-10 16:16:04,802 - connexion.apis.flask_api - DEBUG - Getting data and status code
2018-08-10 16:16:04,802 - connexion.decorators.validation - DEBUG - http://127.0.0.1:3000/modifyAttribute/ validating schema...
2018-08-10 16:16:04,802 - connexion.decorators.validation - DEBUG - http://127.0.0.1:3000/modifyAttribute/ validating parameters...
2018-08-10 16:16:04,802 - connexion.decorators.parameter - DEBUG - Function Arguments: ['body']
2018-08-10 16:16:04,802 - connexion.decorators.parameter - DEBUG - Body parameter 'body' in function arguments
2018-08-10 16:16:04,803 - connexion.apis.flask_api - DEBUG - Getting data and status code
2018-08-10 16:16:04,803 - connexion.apis.flask_api - DEBUG - Got data and status code (200)
2018-08-10 16:16:04,803 - connexion.apis.flask_api - DEBUG - Getting data and status code
2018-08-10 16:16:04,803 - connexion.apis.flask_api - DEBUG - Got data and status code (200)
2018-08-10 16:16:04,803 - flask.app - INFO - Response Headers: Content-Type: application/json
Content-Length: 17


2018-08-10 16:16:04,803 - flask.app - INFO - Response Body: b'"do some magic!"\n'
2018-08-10 16:16:04,804 - werkzeug - INFO - 127.0.0.1 - - [10/Aug/2018 16:16:04] "POST /modifyAttribute/ HTTP/1.1" 200 -
2018-08-10 16:16:31,980 - flask.app - INFO - Request Headers: Content-Type: application/json
Cache-Control: no-cache
Accept-Encoding: gzip, deflate
Content-Length: 110
Postman-Token: a052c06a-bc1d-48a2-8d7c-5f4ca0c8291e
Host: 127.0.0.1:3000
User-Agent: PostmanRuntime/7.2.0
Connection: keep-alive
Accept: */*


2018-08-10 16:16:31,980 - flask.app - INFO - Request Type : <Request 'http://127.0.0.1:3000/attributes/' [POST]>
2018-08-10 16:16:31,980 - flask.app - INFO - Request Body: b'{"name":"age",\n"type":"SingleValue",\n"datatype":"str",\n"description":"hi halo",\n"path":"/",\n"tags":["h","i"]\n}'
2018-08-10 16:16:31,981 - connexion.apis.flask_api - DEBUG - Getting data and status code
2018-08-10 16:16:31,981 - connexion.decorators.validation - DEBUG - http://127.0.0.1:3000/attributes/ validating schema...
2018-08-10 16:16:31,981 - connexion.decorators.validation - DEBUG - http://127.0.0.1:3000/attributes/ validating parameters...
2018-08-10 16:16:31,981 - connexion.decorators.parameter - DEBUG - Function Arguments: ['body']
2018-08-10 16:16:31,981 - connexion.decorators.parameter - DEBUG - Body parameter 'body' in function arguments
2018-08-10 16:16:31,982 - connexion.apis.flask_api - DEBUG - Getting data and status code
2018-08-10 16:16:31,982 - connexion.apis.flask_api - DEBUG - Got data and status code (200)
2018-08-10 16:16:31,982 - connexion.apis.flask_api - DEBUG - Getting data and status code
2018-08-10 16:16:31,982 - connexion.apis.flask_api - DEBUG - Got data and status code (200)
2018-08-10 16:16:31,982 - flask.app - INFO - Response Headers: Content-Type: application/json
Content-Length: 17


2018-08-10 16:16:31,982 - flask.app - INFO - Response Body: b'"do some magic!"\n'
2018-08-10 16:16:31,982 - werkzeug - INFO - 127.0.0.1 - - [10/Aug/2018 16:16:31] "POST /attributes/ HTTP/1.1" 200 -
